<?xml version="1.0" encoding="UTF-8"?>
<!-- Generated by org.testng.reporters.JUnitReportReporter -->
<testsuite hostname="DESKTOP-PQK8607" failures="0" tests="1" name="com.nopcommerce.users.Level_01_Register" time="0.006" errors="0" timestamp="28 Jun 2023 15:22:59 GMT" skipped="0">
  <testcase classname="com.nopcommerce.users.Level_01_Register" name="f" time="0.006"/>
</testsuite> <!-- com.nopcommerce.users.Level_01_Register -->
