<?xml version="1.0" encoding="UTF-8"?>
<!-- Generated by org.testng.reporters.JUnitReportReporter -->
<testsuite hostname="DESKTOP-PQK8607" failures="0" tests="1" name="com.jquery.table.DatabaseTesingDemo" time="0.035" errors="0" timestamp="2024-01-02T10:45:14 ICT" skipped="0">
  <testcase classname="com.jquery.table.DatabaseTesingDemo" name="test" time="0.035"/>
</testsuite> <!-- com.jquery.table.DatabaseTesingDemo -->
