<?xml version="1.0" encoding="UTF-8"?>
<!-- Generated by org.testng.reporters.JUnitReportReporter -->
<testsuite hostname="DESKTOP-PQK8607" failures="0" tests="3" name="com.nopcommerce.users.Level_09_Global_Constants" time="15.742" errors="0" timestamp="24 Nov 2023 16:30:23 GMT" skipped="0">
  <testcase classname="com.nopcommerce.users.Level_09_Global_Constants" name="Register_03_Switch_Url" time="8.747"/>
  <testcase classname="com.nopcommerce.users.Level_09_Global_Constants" name="Register_02_Verify_Login" time="3.519"/>
  <testcase classname="com.nopcommerce.users.Level_09_Global_Constants" name="Register_01_Success" time="3.476"/>
</testsuite> <!-- com.nopcommerce.users.Level_09_Global_Constants -->
