<?xml version="1.0" encoding="UTF-8"?>
<!-- Generated by org.testng.reporters.JUnitReportReporter -->
<testsuite hostname="DESKTOP-PQK8607" failures="0" tests="1" name="com.jquery.table.Level_13_Handle_DataTable" time="1.843" errors="0" timestamp="19 Dec 2023 17:02:13 GMT" skipped="0">
  <testcase classname="com.jquery.table.Level_13_Handle_DataTable" name="TC_06_Action_By_Index" time="1.843"/>
</testsuite> <!-- com.jquery.table.Level_13_Handle_DataTable -->
