<?xml version="1.0" encoding="UTF-8"?>
<!-- Generated by org.testng.reporters.JUnitReportReporter -->
<testsuite hostname="DESKTOP-PQK8607" failures="0" tests="6" name="com.nopcommerce.users.Level_05_Page_Generator_Manager" time="12.950" errors="0" timestamp="06 Nov 2023 16:40:25 GMT" skipped="0">
  <testcase classname="com.nopcommerce.users.Level_05_Page_Generator_Manager" name="Register_05_Success" time="2.510"/>
  <testcase classname="com.nopcommerce.users.Level_05_Page_Generator_Manager" name="Register_04_Invalid_Confirm_Password" time="1.765"/>
  <testcase classname="com.nopcommerce.users.Level_05_Page_Generator_Manager" name="Register_03_Invalid_Password" time="1.873"/>
  <testcase classname="com.nopcommerce.users.Level_05_Page_Generator_Manager" name="Register_01_Empty_Data" time="1.506"/>
  <testcase classname="com.nopcommerce.users.Level_05_Page_Generator_Manager" name="Register_02_Invalid_Email" time="2.308"/>
  <testcase classname="com.nopcommerce.users.Level_05_Page_Generator_Manager" name="Register_06_Verify_Login" time="2.988"/>
</testsuite> <!-- com.nopcommerce.users.Level_05_Page_Generator_Manager -->
