<?xml version="1.0" encoding="UTF-8"?>
<!-- Generated by org.testng.reporters.JUnitReportReporter -->
<testsuite hostname="DESKTOP-PQK8607" failures="0" tests="1" name="com.jquery.table.Level_15_Take_Screen_Shoot" time="7.852" errors="0" timestamp="2024-01-02T17:26:39 ICT" skipped="0">
  <testcase classname="com.jquery.table.Level_15_Take_Screen_Shoot" name="TC_01_Single_Upload_File" time="7.852"/>
</testsuite> <!-- com.jquery.table.Level_15_Take_Screen_Shoot -->
