<?xml version="1.0" encoding="UTF-8"?>
<!-- Generated by org.testng.reporters.JUnitReportReporter -->
<testsuite hostname="DESKTOP-PQK8607" failures="0" tests="3" name="com.nopcommerce.users.Level_10_String_Format" time="5.649" errors="0" timestamp="06 Dec 2023 15:39:56 GMT" skipped="0">
  <testcase classname="com.nopcommerce.users.Level_10_String_Format" name="Register_02_Verify_Login" time="2.392"/>
  <testcase classname="com.nopcommerce.users.Level_10_String_Format" name="Register_01_Success" time="2.836"/>
  <testcase classname="com.nopcommerce.users.Level_10_String_Format" name="Register_03_Switch_Url" time="0.421"/>
</testsuite> <!-- com.nopcommerce.users.Level_10_String_Format -->
