<?xml version="1.0" encoding="UTF-8"?>
<!-- Generated by org.testng.reporters.JUnitReportReporter -->
<testsuite hostname="DESKTOP-PQK8607" failures="0" tests="3" name="com.nopcommerce.users.Level_07_Switch_Page_Url" time="14.533" errors="0" timestamp="16 Nov 2023 16:25:15 GMT" skipped="0">
  <testcase classname="com.nopcommerce.users.Level_07_Switch_Page_Url" name="Register_02_Verify_Login" time="2.510"/>
  <testcase classname="com.nopcommerce.users.Level_07_Switch_Page_Url" name="Register_01_Success" time="3.361"/>
  <testcase classname="com.nopcommerce.users.Level_07_Switch_Page_Url" name="Register_03_Switch_Url" time="8.662"/>
</testsuite> <!-- com.nopcommerce.users.Level_07_Switch_Page_Url -->
