<?xml version="1.0" encoding="UTF-8"?>
<!-- Generated by org.testng.reporters.JUnitReportReporter -->
<testsuite hostname="DESKTOP-PQK8607" failures="0" tests="1" name="com.jquery.table.ReadCSV" time="0.035" errors="0" timestamp="2024-01-02T12:51:15 ICT" skipped="0">
  <testcase classname="com.jquery.table.ReadCSV" name="readDataLineByLine" time="0.035"/>
</testsuite> <!-- com.jquery.table.ReadCSV -->
