<?xml version="1.0" encoding="UTF-8"?>
<!-- Generated by org.testng.reporters.JUnitReportReporter -->
<testsuite hostname="DESKTOP-PQK8607" failures="0" tests="3" name="com.nopcommerce.users.Level_08_Dynamic_Locator" time="17.765" errors="0" timestamp="24 Nov 2023 15:35:42 GMT" skipped="0">
  <testcase classname="com.nopcommerce.users.Level_08_Dynamic_Locator" name="Register_03_Switch_Url" time="11.940"/>
  <testcase classname="com.nopcommerce.users.Level_08_Dynamic_Locator" name="Register_02_Verify_Login" time="2.976"/>
  <testcase classname="com.nopcommerce.users.Level_08_Dynamic_Locator" name="Register_01_Success" time="2.849"/>
</testsuite> <!-- com.nopcommerce.users.Level_08_Dynamic_Locator -->
